<?xml version="1.0" encoding="UTF-8"?>
<!-- Generated by org.testng.reporters.JUnitReportReporter -->
<testsuite hostname="Ran-asus" name="cases.isSelected" tests="1" failures="0" timestamp="4 Apr 2016 16:12:37 GMT" time="11.711" errors="0">
  <testcase name="test3" time="11.711" classname="cases.isSelected"/>
</testsuite> <!-- cases.isSelected -->
