<?xml version="1.0" encoding="UTF-8"?>
<!-- Generated by org.testng.reporters.JUnitReportReporter -->
<testsuite hostname="Ran-asus" name="com.brooke.utils.temp2" tests="1" failures="0" timestamp="30 Apr 2016 07:21:31 GMT" time="29.257" errors="0">
  <testcase name="f" time="29.257" classname="com.brooke.utils.temp2"/>
</testsuite> <!-- com.brooke.utils.temp2 -->
