<?xml version="1.0" encoding="UTF-8"?>
<!-- Generated by org.testng.reporters.JUnitReportReporter -->
<testsuite hostname="Ran-asus" name="for_test.one" tests="1" failures="0" timestamp="27 Apr 2016 12:58:13 GMT" time="42.744" errors="0">
  <testcase name="f" time="42.744" classname="for_test.one"/>
</testsuite> <!-- for_test.one -->
