<?xml version="1.0" encoding="UTF-8"?>
<!-- Generated by org.testng.reporters.JUnitReportReporter -->
<testsuite hostname="Ran-asus" name="com.brooke.utils.TestNgTest" tests="2" failures="0" timestamp="30 Apr 2016 16:27:38 GMT" time="15.218" errors="0">
  <testcase name="test_click_shanghai" time="9.758" classname="com.brooke.utils.TestNgTest"/>
  <testcase name="test_sou" time="5.460" classname="com.brooke.utils.TestNgTest"/>
</testsuite> <!-- com.brooke.utils.TestNgTest -->
