<?xml version="1.0" encoding="UTF-8"?>
<!-- Generated by org.testng.reporters.JUnitReportReporter -->
<testsuite hostname="Ran-asus" name="cases.TestNGLearn1" tests="2" failures="0" timestamp="4 Apr 2016 13:23:19 GMT" time="16.229" errors="0">
  <testcase name="test" time="3.239" classname="cases.TestNGLearn1"/>
  <testcase name="TestNgLearn" time="12.990" classname="cases.TestNGLearn1"/>
</testsuite> <!-- cases.TestNGLearn1 -->
