<?xml version="1.0" encoding="UTF-8"?>
<!-- Generated by org.testng.reporters.JUnitReportReporter -->
<testsuite hostname="Ran-asus" name="com.brooke.utils.openBrowser" tests="2" failures="0" timestamp="4 Apr 2016 17:26:57 GMT" time="10.942" errors="0">
  <testcase name="testUtils2" time="2.925" classname="com.brooke.utils.openBrowser"/>
  <testcase name="testUtils" time="8.017" classname="com.brooke.utils.openBrowser"/>
</testsuite> <!-- com.brooke.utils.openBrowser -->
