<?xml version="1.0" encoding="UTF-8"?>
<!-- Generated by org.testng.reporters.JUnitReportReporter -->
<testsuite hostname="Ran-asus" name="cases.testiFrame" tests="2" failures="0" timestamp="4 Apr 2016 15:52:25 GMT" time="72.759" errors="0">
  <testcase name="test" time="66.268" classname="cases.testiFrame"/>
  <testcase name="iFrame" time="6.491" classname="cases.testiFrame"/>
</testsuite> <!-- cases.testiFrame -->
