<?xml version="1.0" encoding="UTF-8"?>
<!-- Generated by org.testng.reporters.JUnitReportReporter -->
<testsuite hostname="Ran-asus" name="cases.WebDriver" tests="1" failures="0" timestamp="4 Apr 2016 13:13:10 GMT" time="7.911" errors="0">
  <testcase name="test" time="7.911" classname="cases.WebDriver"/>
</testsuite> <!-- cases.WebDriver -->
