<?xml version="1.0" encoding="UTF-8"?>
<!-- Generated by org.testng.reporters.JUnitReportReporter -->
<testsuite hostname="Ran-asus" name="cases.DataProviderLearn" tests="3" failures="0" timestamp="4 Apr 2016 12:09:20 GMT" time="0.063" errors="0">
  <testcase name="verifyUser" time="0.013" classname="cases.DataProviderLearn"/>
  <testcase name="verifyUser" time="0.016" classname="cases.DataProviderLearn"/>
  <testcase name="verifyUser" time="0.034" classname="cases.DataProviderLearn"/>
</testsuite> <!-- cases.DataProviderLearn -->
