<?xml version="1.0" encoding="UTF-8"?>
<!-- Generated by org.testng.reporters.JUnitReportReporter -->
<testsuite hostname="Ran-asus" name="com.brooke.utils.temp1" tests="1" failures="0" timestamp="11 May 2016 09:09:26 GMT" time="34.865" errors="0">
  <testcase name="qqLogin" time="34.865" classname="com.brooke.utils.temp1"/>
</testsuite> <!-- com.brooke.utils.temp1 -->
