<?xml version="1.0" encoding="UTF-8"?>
<!-- Generated by org.testng.reporters.JUnitReportReporter -->
<testsuite hostname="Ran-asus" name="cases.multiWindows" tests="1" failures="0" timestamp="4 Apr 2016 14:03:15 GMT" time="15.903" errors="0">
  <testcase name="testMultiWindows" time="15.903" classname="cases.multiWindows"/>
</testsuite> <!-- cases.multiWindows -->
