<?xml version="1.0" encoding="UTF-8"?>
<!-- Generated by org.testng.reporters.JUnitReportReporter -->
<testsuite hostname="Ran-asus" name="com.brooke.utils.NewTestng" tests="2" failures="0" timestamp="4 Apr 2016 17:40:38 GMT" time="0.027" errors="0">
  <testcase name="test2" time="0.010" classname="com.brooke.utils.NewTestng"/>
  <testcase name="test1" time="0.017" classname="com.brooke.utils.NewTestng"/>
</testsuite> <!-- com.brooke.utils.NewTestng -->
