<?xml version="1.0" encoding="UTF-8"?>
<!-- Generated by org.testng.reporters.JUnitReportReporter -->
<testsuite hostname="Ran-asus" name="cases.CaseOne" tests="2" failures="0" timestamp="31 Mar 2016 07:22:42 GMT" time="0.030" errors="0">
  <testcase name="t2" time="0.015" classname="cases.CaseOne"/>
  <testcase name="t1" time="0.015" classname="cases.CaseOne"/>
</testsuite> <!-- cases.CaseOne -->
